Build started 17/07/2013 20:04:17.
     1>Project "C:\Users\Fleep\Desktop\Return of the HACKS\Css Aimbot\Css Aimbot\Css Aimbot.vcxproj" on node 2 (rebuild target(s)).
     1>_PrepareForClean:
         Deleting file "Debug\Css Aimbot.lastbuildstate".
       InitializeBuildStatus:
         Creating "Debug\Css Aimbot.unsuccessfulbuild" because "AlwaysCreate" was specified.
       ClCompile:
         C:\Program Files (x86)\Microsoft Visual Studio 10.0\VC\bin\CL.exe /c /ZI /nologo /W3 /WX- /Od /Oy- /D _MBCS /Gm /EHsc /RTC1 /MDd /GS /fp:precise /Zc:wchar_t /Zc:forScope /Fo"Debug\\" /Fd"Debug\vc100.pdb" /Gd /TP /analyze- /errorReport:prompt main.cpp
         main.cpp
     1>c:\users\fleep\desktop\return of the hacks\css aimbot\css aimbot\main.cpp(131): warning C4244: 'return' : conversion from 'double' to 'float', possible loss of data
     1>c:\users\fleep\desktop\return of the hacks\css aimbot\css aimbot\main.cpp(181): warning C4244: 'argument' : conversion from 'double' to 'float', possible loss of data
     1>c:\users\fleep\desktop\return of the hacks\css aimbot\css aimbot\main.cpp(182): warning C4244: 'argument' : conversion from 'double' to 'float', possible loss of data
       Link:
         C:\Program Files (x86)\Microsoft Visual Studio 10.0\VC\bin\link.exe /ERRORREPORT:PROMPT /OUT:"C:\Users\Fleep\Desktop\Return of the HACKS\Css Aimbot\Debug\Css Aimbot.exe" /NOLOGO kernel32.lib user32.lib gdi32.lib winspool.lib comdlg32.lib advapi32.lib shell32.lib ole32.lib oleaut32.lib uuid.lib odbc32.lib odbccp32.lib /MANIFEST /ManifestFile:"Debug\Css Aimbot.exe.intermediate.manifest" /MANIFESTUAC:"level='asInvoker' uiAccess='false'" /DEBUG /PDB:"C:\Users\Fleep\Desktop\Return of the HACKS\Css Aimbot\Debug\Css Aimbot.pdb" /TLBID:1 /DYNAMICBASE /NXCOMPAT /IMPLIB:"C:\Users\Fleep\Desktop\Return of the HACKS\Css Aimbot\Debug\Css Aimbot.lib" /MACHINE:X86 Debug\main.obj
         Css Aimbot.vcxproj -> C:\Users\Fleep\Desktop\Return of the HACKS\Css Aimbot\Debug\Css Aimbot.exe
       Manifest:
         C:\Program Files (x86)\Microsoft SDKs\Windows\v7.0A\bin\mt.exe /nologo /verbose /outputresource:"C:\Users\Fleep\Desktop\Return of the HACKS\Css Aimbot\Debug\Css Aimbot.exe;#1" /manifest "Debug\Css Aimbot.exe.intermediate.manifest"
       FinalizeBuildStatus:
         Deleting file "Debug\Css Aimbot.unsuccessfulbuild".
         Touching "Debug\Css Aimbot.lastbuildstate".
     1>Done Building Project "C:\Users\Fleep\Desktop\Return of the HACKS\Css Aimbot\Css Aimbot\Css Aimbot.vcxproj" (rebuild target(s)).

Build succeeded.

Time Elapsed 00:00:03.60
