Build started 7/2/2012 7:28:07 PM.
     1>Project "C:\Users\D.B\Desktop\test\est2\est2.vcxproj" on node 2 (build target(s)).
     1>InitializeBuildStatus:
         Touching "Debug\est2.unsuccessfulbuild".
       GenerateTargetFrameworkMonikerAttribute:
       Skipping target "GenerateTargetFrameworkMonikerAttribute" because all output files are up-to-date with respect to the input files.
       ClCompile:
         All outputs are up-to-date.
         c:\Program Files\Microsoft Visual Studio 10.0\VC\bin\CL.exe /c /AI"C:\Program Files\Reference Assemblies\Microsoft\Framework\.NETFramework\v4.0" /Zi /clr /nologo /W3 /WX- /MP /Od /Oy- /D WIN32 /D _DEBUG /D _MBCS /EHa /MDd /GS /fp:precise /Zc:wchar_t /Zc:forScope /Yu"StdAfx.h" /Fp"Debug\est2.pch" /Fo"Debug\\" /Fd"Debug\vc100.pdb" /TP /FU"C:\Program Files\Reference Assemblies\Microsoft\Framework\.NETFramework\v4.0\System.Core.dll" /FU"C:\Program Files\Reference Assemblies\Microsoft\Framework\.NETFramework\v4.0\System.Data.dll" /FU"C:\Program Files\Reference Assemblies\Microsoft\Framework\.NETFramework\v4.0\System.dll" /FU"C:\Program Files\Reference Assemblies\Microsoft\Framework\.NETFramework\v4.0\System.Drawing.dll" /FU"C:\Program Files\Reference Assemblies\Microsoft\Framework\.NETFramework\v4.0\System.Windows.Forms.dll" /FU"C:\Program Files\Reference Assemblies\Microsoft\Framework\.NETFramework\v4.0\System.Xml.dll" /analyze- /errorReport:prompt est2.cpp /clr:nostdlib 
         est2.cpp
         All outputs are up-to-date.
       CoreResGen:
         All outputs are up-to-date.
       ResourceCompile:
         All outputs are up-to-date.
       Link:
         c:\Program Files\Microsoft Visual Studio 10.0\VC\bin\link.exe /ERRORREPORT:PROMPT /OUT:"C:\Users\D.B\Desktop\test\Debug\est2.exe" /INCREMENTAL /NOLOGO /ASSEMBLYRESOURCE:Debug\est2.Form1.resources /MANIFEST /ManifestFile:"Debug\est2.exe.intermediate.manifest" /MANIFESTUAC:"level='asInvoker' uiAccess='false'" /DEBUG /PDB:"C:\Users\D.B\Desktop\test\Debug\est2.pdb" /ASSEMBLYDEBUG /SUBSYSTEM:WINDOWS /TLBID:1 /ENTRY:"main" /DYNAMICBASE /FIXED:NO /NXCOMPAT /MACHINE:X86 Debug\app.res
         Debug\AssemblyInfo.obj
         Debug\est2.obj
         Debug\stdafx.obj
         "Debug\.NETFramework,Version=v4.0.AssemblyAttributes.obj"
     1>est2.obj : error LNK2028: unresolved token (0A00001E) "extern "C" int __stdcall CloseClipboard(void)" (?CloseClipboard@@$$J10YGHXZ) referenced in function "private: void __clrcall est2::Form1::button1_Click(class System::Object ^,class System::EventArgs ^)" (?button1_Click@Form1@est2@@$$FA$AAMXP$AAVObject@System@@P$AAVEventArgs@4@@Z)
     1>est2.obj : error LNK2028: unresolved token (0A00001F) "extern "C" void * __stdcall SetClipboardData(unsigned int,void *)" (?SetClipboardData@@$$J18YGPAXIPAX@Z) referenced in function "private: void __clrcall est2::Form1::button1_Click(class System::Object ^,class System::EventArgs ^)" (?button1_Click@Form1@est2@@$$FA$AAMXP$AAVObject@System@@P$AAVEventArgs@4@@Z)
     1>est2.obj : error LNK2028: unresolved token (0A000020) "extern "C" int __stdcall EmptyClipboard(void)" (?EmptyClipboard@@$$J10YGHXZ) referenced in function "private: void __clrcall est2::Form1::button1_Click(class System::Object ^,class System::EventArgs ^)" (?button1_Click@Form1@est2@@$$FA$AAMXP$AAVObject@System@@P$AAVEventArgs@4@@Z)
     1>est2.obj : error LNK2028: unresolved token (0A000021) "extern "C" int __stdcall OpenClipboard(struct HWND__ *)" (?OpenClipboard@@$$J14YGHPAUHWND__@@@Z) referenced in function "private: void __clrcall est2::Form1::button1_Click(class System::Object ^,class System::EventArgs ^)" (?button1_Click@Form1@est2@@$$FA$AAMXP$AAVObject@System@@P$AAVEventArgs@4@@Z)
     1>est2.obj : error LNK2028: unresolved token (0A000027) "extern "C" struct HWND__ * __stdcall FindWindowA(char const *,char const *)" (?FindWindowA@@$$J18YGPAUHWND__@@PBD0@Z) referenced in function "private: void __clrcall est2::Form1::button1_Click(class System::Object ^,class System::EventArgs ^)" (?button1_Click@Form1@est2@@$$FA$AAMXP$AAVObject@System@@P$AAVEventArgs@4@@Z)
     1>est2.obj : error LNK2019: unresolved external symbol "extern "C" int __stdcall CloseClipboard(void)" (?CloseClipboard@@$$J10YGHXZ) referenced in function "private: void __clrcall est2::Form1::button1_Click(class System::Object ^,class System::EventArgs ^)" (?button1_Click@Form1@est2@@$$FA$AAMXP$AAVObject@System@@P$AAVEventArgs@4@@Z)
     1>est2.obj : error LNK2019: unresolved external symbol "extern "C" void * __stdcall SetClipboardData(unsigned int,void *)" (?SetClipboardData@@$$J18YGPAXIPAX@Z) referenced in function "private: void __clrcall est2::Form1::button1_Click(class System::Object ^,class System::EventArgs ^)" (?button1_Click@Form1@est2@@$$FA$AAMXP$AAVObject@System@@P$AAVEventArgs@4@@Z)
     1>est2.obj : error LNK2019: unresolved external symbol "extern "C" int __stdcall EmptyClipboard(void)" (?EmptyClipboard@@$$J10YGHXZ) referenced in function "private: void __clrcall est2::Form1::button1_Click(class System::Object ^,class System::EventArgs ^)" (?button1_Click@Form1@est2@@$$FA$AAMXP$AAVObject@System@@P$AAVEventArgs@4@@Z)
     1>est2.obj : error LNK2019: unresolved external symbol "extern "C" int __stdcall OpenClipboard(struct HWND__ *)" (?OpenClipboard@@$$J14YGHPAUHWND__@@@Z) referenced in function "private: void __clrcall est2::Form1::button1_Click(class System::Object ^,class System::EventArgs ^)" (?button1_Click@Form1@est2@@$$FA$AAMXP$AAVObject@System@@P$AAVEventArgs@4@@Z)
     1>est2.obj : error LNK2019: unresolved external symbol "extern "C" struct HWND__ * __stdcall FindWindowA(char const *,char const *)" (?FindWindowA@@$$J18YGPAUHWND__@@PBD0@Z) referenced in function "private: void __clrcall est2::Form1::button1_Click(class System::Object ^,class System::EventArgs ^)" (?button1_Click@Form1@est2@@$$FA$AAMXP$AAVObject@System@@P$AAVEventArgs@4@@Z)
     1>C:\Users\D.B\Desktop\test\Debug\est2.exe : fatal error LNK1120: 10 unresolved externals
     1>Done Building Project "C:\Users\D.B\Desktop\test\est2\est2.vcxproj" (build target(s)) -- FAILED.

Build FAILED.

Time Elapsed 00:00:08.92
