D:\D.B\C++ PROGRAMMING\CHANGE FUNCTION IN A DLL\FUNCREPLACE\DEBUG\MAIN.OBJ
D:\D.B\C++ PROGRAMMING\CHANGE FUNCTION IN A DLL\FUNCREPLACE\DEBUG\VC100.PDB
C:\Users\Daanish\Desktop\TEST\Debug\FuncReplace.lib
C:\Users\Daanish\Desktop\TEST\Debug\FuncReplace.exp
D:\Daanish Stuff\C++ Programming\Change Function in a DLL\Debug\FuncReplace.lib
D:\Daanish Stuff\C++ Programming\Change Function in a DLL\Debug\FuncReplace.exp
D:\D.B\C++ Programming\Change Function in a DLL\Debug\FuncReplace.lib
D:\D.B\C++ Programming\Change Function in a DLL\Debug\FuncReplace.exp
D:\D.B\C++ PROGRAMMING\CHANGE FUNCTION IN A DLL\DEBUG\FUNCREPLACE.ILK
D:\D.B\C++ PROGRAMMING\CHANGE FUNCTION IN A DLL\DEBUG\FUNCREPLACE.DLL
D:\D.B\C++ PROGRAMMING\CHANGE FUNCTION IN A DLL\FUNCREPLACE\DEBUG\FUNCREPLACE.DLL.INTERMEDIATE.MANIFEST
D:\D.B\C++ PROGRAMMING\CHANGE FUNCTION IN A DLL\DEBUG\FUNCREPLACE.PDB
D:\D.B\C++ PROGRAMMING\CHANGE FUNCTION IN A DLL\FUNCREPLACE\DEBUG\FUNCREPLACE.DLL.EMBED.MANIFEST
D:\D.B\C++ PROGRAMMING\CHANGE FUNCTION IN A DLL\FUNCREPLACE\DEBUG\FUNCREPLACE.DLL.EMBED.MANIFEST.RES
D:\D.B\C++ Programming\Change Function in a DLL\FuncReplace\Debug\FuncReplace.vcxprojResolveAssemblyReference.cache
D:\D.B\C++ Programming\Change Function in a DLL\FuncReplace\Debug\main.obj
D:\D.B\C++ Programming\Change Function in a DLL\FuncReplace\Debug\cl.command.1.tlog
D:\D.B\C++ Programming\Change Function in a DLL\FuncReplace\Debug\CL.read.1.tlog
D:\D.B\C++ Programming\Change Function in a DLL\FuncReplace\Debug\CL.write.1.tlog
D:\D.B\C++ Programming\Change Function in a DLL\FuncReplace\Debug\FuncReplace.write.1.tlog
D:\D.B\C++ Programming\Change Function in a DLL\FuncReplace\Debug\link-cvtres.read.1.tlog
D:\D.B\C++ Programming\Change Function in a DLL\FuncReplace\Debug\link-cvtres.write.1.tlog
D:\D.B\C++ Programming\Change Function in a DLL\FuncReplace\Debug\link.6084-cvtres.read.1.tlog
D:\D.B\C++ Programming\Change Function in a DLL\FuncReplace\Debug\link.6084-cvtres.write.1.tlog
D:\D.B\C++ Programming\Change Function in a DLL\FuncReplace\Debug\link.6084.read.1.tlog
D:\D.B\C++ Programming\Change Function in a DLL\FuncReplace\Debug\link.6084.write.1.tlog
D:\D.B\C++ Programming\Change Function in a DLL\FuncReplace\Debug\link.command.1.tlog
D:\D.B\C++ Programming\Change Function in a DLL\FuncReplace\Debug\link.read.1.tlog
D:\D.B\C++ Programming\Change Function in a DLL\FuncReplace\Debug\link.write.1.tlog
D:\D.B\C++ Programming\Change Function in a DLL\FuncReplace\Debug\metagen.write.1.tlog
D:\D.B\C++ Programming\Change Function in a DLL\FuncReplace\Debug\mt.command.1.tlog
D:\D.B\C++ Programming\Change Function in a DLL\FuncReplace\Debug\mt.read.1.tlog
D:\D.B\C++ Programming\Change Function in a DLL\FuncReplace\Debug\mt.write.1.tlog
D:\D.B\C++ Programming\Change Function in a DLL\FuncReplace\Debug\rc.command.1.tlog
D:\D.B\C++ Programming\Change Function in a DLL\FuncReplace\Debug\rc.read.1.tlog
D:\D.B\C++ Programming\Change Function in a DLL\FuncReplace\Debug\rc.write.1.tlog
D:\D.B\C++ Programming\Change Function in a DLL\FuncReplace\Debug\FuncReplace.dll.embed.manifest
D:\D.B\C++ Programming\Change Function in a DLL\FuncReplace\Debug\FuncReplace.dll.intermediate.manifest
D:\D.B\C++ Programming\Change Function in a DLL\FuncReplace\Debug\FuncReplace.dll.embed.manifest.res
D:\D.B\C++ Programming\Change Function in a DLL\FuncReplace\Debug\vc100.idb
D:\D.B\C++ Programming\Change Function in a DLL\FuncReplace\Debug\vc100.pdb
D:\D.B\C++ Programming\Change Function in a DLL\FuncReplace\Debug\FuncReplace_manifest.rc
D:\D.B\C++ Programming\Change Function in a DLL\Debug\FuncReplace.pdb
D:\D.B\C++ Programming\Change Function in a DLL\Debug\FuncReplace.dll
D:\D.B\C++ Programming\Change Function in a DLL\Debug\FuncReplace.ilk
